[11:37:26] [main/INFO]: Setting user: Player7
[11:37:28] [Client thread/INFO]: LWJGL Version: 2.9.1
[11:37:36] [Client thread/INFO]: Reloading ResourceManager: Default, FMLFileResourcePack:Forge Mod Loader, FMLFileResourcePack:Minecraft Forge, FMLFileResourcePack:modular
[11:37:37] [Sound Library Loader/INFO]: Sound engine started
[11:37:40] [Client thread/INFO]: Created: 512x256 textures/blocks-atlas
[11:37:40] [Client thread/INFO]: Created: 256x256 textures/items-atlas
[11:37:41] [Client thread/INFO]: Reloading ResourceManager: Default, FMLFileResourcePack:Forge Mod Loader, FMLFileResourcePack:Minecraft Forge, FMLFileResourcePack:modular
[11:37:41] [Client thread/INFO]: Created: 512x256 textures/blocks-atlas
[11:37:41] [Client thread/INFO]: Created: 256x256 textures/items-atlas
[11:37:42] [Sound Library Loader/INFO]: Sound engine started
[11:37:59] [Server thread/INFO]: Starting integrated minecraft server version 1.7.10
[11:37:59] [Server thread/INFO]: Generating keypair
[11:37:59] [Server thread/INFO]: Preparing start region for level 0
[11:38:00] [Server thread/INFO]: Changing view distance to 12, from 10
[11:38:01] [Server thread/INFO]: Player7[local:E:299ff19b] logged in with entity id 0 at (-351.36296099088463, 56.0, -1577.8545106438685)
[11:38:01] [Server thread/INFO]: Player7 joined the game
[11:38:02] [Server thread/INFO]: Saving and pausing game...
[11:38:02] [Server thread/INFO]: Saving chunks for level 'New World'/Overworld
[11:38:02] [Server thread/INFO]: Saving chunks for level 'New World'/Nether
[11:38:02] [Server thread/INFO]: Saving chunks for level 'New World'/The End
[11:38:25] [Server thread/INFO]: Saving and pausing game...
[11:38:25] [Server thread/INFO]: Saving chunks for level 'New World'/Overworld
[11:38:25] [Server thread/INFO]: Saving chunks for level 'New World'/Nether
[11:38:25] [Server thread/INFO]: Saving chunks for level 'New World'/The End
[11:39:15] [Client thread/INFO]: Stopping!
[11:39:15] [Server thread/INFO]: Stopping server
[11:39:15] [Server thread/INFO]: Saving players
[11:39:15] [Server thread/INFO]: Saving worlds
[11:39:15] [Server thread/INFO]: Saving chunks for level 'New World'/Overworld
[11:39:15] [Server thread/INFO]: Saving chunks for level 'New World'/Nether
[11:39:15] [Server thread/INFO]: Saving chunks for level 'New World'/The End
